# JRE version: OpenJDK Runtime Environment (8.0_152-b01) (build 1.8.0_152-release-1343-b01)
# Java VM: OpenJDK 64-Bit Server VM (25.152-b01 mixed mode windows-amd64 compressed oops)
Heap:
 PSYoungGen      total 139264K, used 0K [0x00000000eab00000, 0x00000000f4b80000, 0x0000000100000000)
  eden space 132608K, 0% used [0x00000000eab00000,0x00000000eab00000,0x00000000f2c80000)
  from space 6656K, 0% used [0x00000000f4500000,0x00000000f4500000,0x00000000f4b80000)
  to   space 15872K, 0% used [0x00000000f2c80000,0x00000000f2c80000,0x00000000f3c00000)
 ParOldGen       total 114688K, used 19165K [0x00000000c0000000, 0x00000000c7000000, 0x00000000eab00000)
  object space 114688K, 16% used [0x00000000c0000000,0x00000000c12b74a8,0x00000000c7000000)
 Metaspace       used 49598K, capacity 50556K, committed 51032K, reserved 1103872K
  class space    used 6596K, capacity 6903K, committed 7040K, reserved 1048576K
GC Heap History (10 events):
Event: 14.988 GC heap before
{Heap before GC invocations=24 (full 8):
 PSYoungGen      total 139264K, used 0K [0x00000000eab00000, 0x00000000f4b80000, 0x0000000100000000)
  eden space 132608K, 0% used [0x00000000eab00000,0x00000000eab00000,0x00000000f2c80000)
  from space 6656K, 0% used [0x00000000f4500000,0x00000000f4500000,0x00000000f4b80000)
  to   space 15872K, 0% used [0x00000000f2c80000,0x00000000f2c80000,0x00000000f3c00000)
 ParOldGen       total 114688K, used 19948K [0x00000000c0000000, 0x00000000c7000000, 0x00000000eab00000)
  object space 114688K, 17% used [0x00000000c0000000,0x00000000c137b230,0x00000000c7000000)
 Metaspace       used 49032K, capacity 50008K, committed 50648K, reserved 1099776K
  class space    used 6511K, capacity 6805K, committed 6912K, reserved 1048576K
Event: 15.039 GC heap after
Heap after GC invocations=24 (full 8):
 PSYoungGen      total 139264K, used 0K [0x00000000eab00000, 0x00000000f4b80000, 0x0000000100000000)
  eden space 132608K, 0% used [0x00000000eab00000,0x00000000eab00000,0x00000000f2c80000)
  from space 6656K, 0% used [0x00000000f4500000,0x00000000f4500000,0x00000000f4b80000)
  to   space 15872K, 0% used [0x00000000f2c80000,0x00000000f2c80000,0x00000000f3c00000)
 ParOldGen       total 114688K, used 19888K [0x00000000c0000000, 0x00000000c7000000, 0x00000000eab00000)
  object space 114688K, 17% used [0x00000000c0000000,0x00000000c136c0e0,0x00000000c7000000)
 Metaspace       used 49000K, capacity 49956K, committed 50648K, reserved 1099776K
  class space    used 6506K, capacity 6795K, committed 6912K, reserved 1048576K
}
Event: 15.146 GC heap before
{Heap before GC invocations=25 (full 8):
 PSYoungGen      total 139264K, used 7438K [0x00000000eab00000, 0x00000000f4b80000, 0x0000000100000000)
  eden space 132608K, 5% used [0x00000000eab00000,0x00000000eb243b68,0x00000000f2c80000)
  from space 6656K, 0% used [0x00000000f4500000,0x00000000f4500000,0x00000000f4b80000)
  to   space 15872K, 0% used [0x00000000f2c80000,0x00000000f2c80000,0x00000000f3c00000)
 ParOldGen       total 114688K, used 19888K [0x00000000c0000000, 0x00000000c7000000, 0x00000000eab00000)
  object space 114688K, 17% used [0x00000000c0000000,0x00000000c136c0e0,0x00000000c7000000)
 Metaspace       used 49610K, capacity 50574K, committed 51032K, reserved 1099776K
  class space    used 6598K, capacity 6906K, committed 7040K, reserved 1048576K
Event: 15.155 GC heap after
Heap after GC invocations=25 (full 8):
 PSYoungGen      total 148480K, used 790K [0x00000000eab00000, 0x00000000f4b80000, 0x0000000100000000)
  eden space 132608K, 0% used [0x00000000eab00000,0x00000000eab00000,0x00000000f2c80000)
  from space 15872K, 4% used [0x00000000f2c80000,0x00000000f2d45958,0x00000000f3c00000)
  to   space 6656K, 0% used [0x00000000f4500000,0x00000000f4500000,0x00000000f4b80000)
 ParOldGen       total 114688K, used 19888K [0x00000000c0000000, 0x00000000c7000000, 0x00000000eab00000)
  object space 114688K, 17% used [0x00000000c0000000,0x00000000c136c0e0,0x00000000c7000000)
 Metaspace       used 49610K, capacity 50574K, committed 51032K, reserved 1099776K
  class space    used 6598K, capacity 6906K, committed 7040K, reserved 1048576K
}
Event: 15.155 GC heap before
{Heap before GC invocations=26 (full 9):
 PSYoungGen      total 148480K, used 790K [0x00000000eab00000, 0x00000000f4b80000, 0x0000000100000000)
  eden space 132608K, 0% used [0x00000000eab00000,0x00000000eab00000,0x00000000f2c80000)
  from space 15872K, 4% used [0x00000000f2c80000,0x00000000f2d45958,0x00000000f3c00000)
  to   space 6656K, 0% used [0x00000000f4500000,0x00000000f4500000,0x00000000f4b80000)
 ParOldGen       total 114688K, used 19888K [0x00000000c0000000, 0x00000000c7000000, 0x00000000eab00000)
  object space 114688K, 17% used [0x00000000c0000000,0x00000000c136c0e0,0x00000000c7000000)
 Metaspace       used 49610K, capacity 50574K, committed 51032K, reserved 1099776K
  class space    used 6598K, capacity 6906K, committed 7040K, reserved 1048576K
Event: 15.207 GC heap after
Heap after GC invocations=26 (full 9):
 PSYoungGen      total 148480K, used 0K [0x00000000eab00000, 0x00000000f4b80000, 0x0000000100000000)
  eden space 132608K, 0% used [0x00000000eab00000,0x00000000eab00000,0x00000000f2c80000)
  from space 15872K, 0% used [0x00000000f2c80000,0x00000000f2c80000,0x00000000f3c00000)
  to   space 6656K, 0% used [0x00000000f4500000,0x00000000f4500000,0x00000000f4b80000)
 ParOldGen       total 114688K, used 19269K [0x00000000c0000000, 0x00000000c7000000, 0x00000000eab00000)
  object space 114688K, 16% used [0x00000000c0000000,0x00000000c12d1560,0x00000000c7000000)
 Metaspace       used 49610K, capacity 50574K, committed 51032K, reserved 1099776K
  class space    used 6598K, capacity 6906K, committed 7040K, reserved 1048576K
}
Event: 15.207 GC heap before
{Heap before GC invocations=27 (full 9):
 PSYoungGen      total 148480K, used 0K [0x00000000eab00000, 0x00000000f4b80000, 0x0000000100000000)
  eden space 132608K, 0% used [0x00000000eab00000,0x00000000eab00000,0x00000000f2c80000)
  from space 15872K, 0% used [0x00000000f2c80000,0x00000000f2c80000,0x00000000f3c00000)
  to   space 6656K, 0% used [0x00000000f4500000,0x00000000f4500000,0x00000000f4b80000)
 ParOldGen       total 114688K, used 19269K [0x00000000c0000000, 0x00000000c7000000, 0x00000000eab00000)
  object space 114688K, 16% used [0x00000000c0000000,0x00000000c12d1560,0x00000000c7000000)
 Metaspace       used 49610K, capacity 50574K, committed 51032K, reserved 1103872K
  class space    used 6598K, capacity 6906K, committed 7040K, reserved 1048576K
Event: 15.208 GC heap after
Heap after GC invocations=27 (full 9):
 PSYoungGen      total 139264K, used 0K [0x00000000eab00000, 0x00000000f4b80000, 0x0000000100000000)
  eden space 132608K, 0% used [0x00000000eab00000,0x00000000eab00000,0x00000000f2c80000)
  from space 6656K, 0% used [0x00000000f4500000,0x00000000f4500000,0x00000000f4b80000)
  to   space 15872K, 0% used [0x00000000f2c80000,0x00000000f2c80000,0x00000000f3c00000)
 ParOldGen       total 114688K, used 19269K [0x00000000c0000000, 0x00000000c7000000, 0x00000000eab00000)
  object space 114688K, 16% used [0x00000000c0000000,0x00000000c12d1560,0x00000000c7000000)
 Metaspace       used 49610K, capacity 50574K, committed 51032K, reserved 1103872K
  class space    used 6598K, capacity 6906K, committed 7040K, reserved 1048576K
}
Event: 15.208 GC heap before
{Heap before GC invocations=28 (full 10):
 PSYoungGen      total 139264K, used 0K [0x00000000eab00000, 0x00000000f4b80000, 0x0000000100000000)
  eden space 132608K, 0% used [0x00000000eab00000,0x00000000eab00000,0x00000000f2c80000)
  from space 6656K, 0% used [0x00000000f4500000,0x00000000f4500000,0x00000000f4b80000)
  to   space 15872K, 0% used [0x00000000f2c80000,0x00000000f2c80000,0x00000000f3c00000)
 ParOldGen       total 114688K, used 19269K [0x00000000c0000000, 0x00000000c7000000, 0x00000000eab00000)
  object space 114688K, 16% used [0x00000000c0000000,0x00000000c12d1560,0x00000000c7000000)
 Metaspace       used 49610K, capacity 50574K, committed 51032K, reserved 1103872K
  class space    used 6598K, capacity 6906K, committed 7040K, reserved 1048576K
Event: 15.437 GC heap after
Heap after GC invocations=28 (full 10):
 PSYoungGen      total 139264K, used 0K [0x00000000eab00000, 0x00000000f4b80000, 0x0000000100000000)
  eden space 132608K, 0% used [0x00000000eab00000,0x00000000eab00000,0x00000000f2c80000)
  from space 6656K, 0% used [0x00000000f4500000,0x00000000f4500000,0x00000000f4b80000)
  to   space 15872K, 0% used [0x00000000f2c80000,0x00000000f2c80000,0x00000000f3c00000)
 ParOldGen       total 114688K, used 19165K [0x00000000c0000000, 0x00000000c7000000, 0x00000000eab00000)
  object space 114688K, 16% used [0x00000000c0000000,0x00000000c12b74a8,0x00000000c7000000)
 Metaspace       used 49598K, capacity 50556K, committed 51032K, reserved 1101824K
  class space    used 6596K, capacity 6903K, committed 7040K, reserved 1048576K
}

